[debug] [2018-06-12T01:07:38.126Z] ----------------------------------------------------------------------
[debug] [2018-06-12T01:07:38.128Z] Command:       /Users/beth/.nvm/versions/node/v9.9.0/bin/node /Users/beth/.nvm/versions/node/v9.9.0/bin/firebase deploy
[debug] [2018-06-12T01:07:38.128Z] CLI Version:   3.18.4
[debug] [2018-06-12T01:07:38.128Z] Platform:      darwin
[debug] [2018-06-12T01:07:38.128Z] Node Version:  v9.9.0
[debug] [2018-06-12T01:07:38.129Z] Time:          Mon Jun 11 2018 21:07:38 GMT-0400 (EDT)
[debug] [2018-06-12T01:07:38.129Z] ----------------------------------------------------------------------
[debug] 
[debug] [2018-06-12T01:07:38.150Z] > command requires scopes: ["email","openid","https://www.googleapis.com/auth/cloudplatformprojects.readonly","https://www.googleapis.com/auth/firebase","https://www.googleapis.com/auth/cloud-platform"]
[debug] [2018-06-12T01:07:38.150Z] > authorizing via signed-in user
[debug] [2018-06-12T01:07:38.152Z] > refreshing access token with scopes: ["email","https://www.googleapis.com/auth/cloud-platform","https://www.googleapis.com/auth/cloudplatformprojects.readonly","https://www.googleapis.com/auth/firebase","openid"]
[debug] [2018-06-12T01:07:38.153Z] >>> HTTP REQUEST POST https://www.googleapis.com/oauth2/v3/token  
 { refresh_token: '1/FuLxzPJCNrNNmtPohnKuudyuJdysdK-a86XGk2EcYoc',
  client_id: '563584335869-fgrhgmd47bqnekij5i8b5pr03ho849e6.apps.googleusercontent.com',
  client_secret: 'j9iVZfS8kkCEFUPaAeJV0sAi',
  grant_type: 'refresh_token',
  scope: 'email https://www.googleapis.com/auth/cloud-platform https://www.googleapis.com/auth/cloudplatformprojects.readonly https://www.googleapis.com/auth/firebase openid' } 
 Mon Jun 11 2018 21:07:38 GMT-0400 (EDT)
[debug] [2018-06-12T01:07:38.388Z] <<< HTTP RESPONSE 200
[debug] [2018-06-12T01:07:38.397Z] >>> HTTP REQUEST GET https://admin.firebase.com/v1/projects/beth-barnes-personal-website  
  
 Mon Jun 11 2018 21:07:38 GMT-0400 (EDT)
[debug] [2018-06-12T01:07:39.274Z] <<< HTTP RESPONSE 200
[debug] [2018-06-12T01:07:39.275Z] >>> HTTP REQUEST GET https://admin.firebase.com/v1/database/beth-barnes-personal-website/tokens  
  
 Mon Jun 11 2018 21:07:39 GMT-0400 (EDT)
[debug] [2018-06-12T01:07:40.208Z] <<< HTTP RESPONSE 200
